build/app/intermediates/manifest_merge_blame_file/debug/manifest-merger-blame-debug-report.txt
1<?xml version="1.0" encoding="utf-8"?>
2<manifest xmlns:android="http://schemas.android.com/apk/res/android"
3    package="com.example.bluetooth_scanner"
4    android:versionCode="1"
5    android:versionName="1.0.0" >
6
7    <uses-sdk
8        android:minSdkVersion="21"
9        android:targetSdkVersion="34" />
10    <!--
11         The INTERNET permission is required for development. Specifically,
12         the Flutter tool needs it to communicate with the running application
13         to allow setting breakpoints, to provide hot reload, etc.
14    -->
15    <uses-permission android:name="android.permission.INTERNET" />
15-->src\debug\AndroidManifest.xml:6:5-66
15-->src\debug\AndroidManifest.xml:6:22-64
16    <uses-permission
16-->src\main\AndroidManifest.xml:3:5-120
17        android:name="android.permission.BLUETOOTH_SCAN"
17-->src\main\AndroidManifest.xml:3:22-70
18        android:usesPermissionFlags="neverForLocation" />
18-->src\main\AndroidManifest.xml:3:71-117
19    <uses-permission android:name="android.permission.BLUETOOTH_CONNECT" />
19-->src\main\AndroidManifest.xml:4:5-76
19-->src\main\AndroidManifest.xml:4:22-73
20    <uses-permission
20-->src\main\AndroidManifest.xml:5:5-95
21        android:name="android.permission.BLUETOOTH"
21-->src\main\AndroidManifest.xml:5:22-65
22        android:maxSdkVersion="30" />
22-->src\main\AndroidManifest.xml:5:66-92
23    <uses-permission
23-->src\main\AndroidManifest.xml:6:5-101
24        android:name="android.permission.BLUETOOTH_ADMIN"
24-->src\main\AndroidManifest.xml:6:22-71
25        android:maxSdkVersion="30" />
25-->src\main\AndroidManifest.xml:6:72-98
26    <uses-permission
26-->src\main\AndroidManifest.xml:7:5-105
27        android:name="android.permission.ACCESS_FINE_LOCATION"
27-->src\main\AndroidManifest.xml:7:22-76
28        android:maxSdkVersion="30" />
28-->src\main\AndroidManifest.xml:7:77-103
29    <uses-permission
29-->src\main\AndroidManifest.xml:8:5-108
30        android:name="android.permission.ACCESS_COARSE_LOCATION"
30-->src\main\AndroidManifest.xml:8:22-78
31        android:maxSdkVersion="28" />
31-->src\main\AndroidManifest.xml:8:79-105
32    <!--
33 Required to query activities that can process text, see:
34         https://developer.android.com/training/package-visibility and
35         https://developer.android.com/reference/android/content/Intent#ACTION_PROCESS_TEXT.
36
37         In particular, this is used by the Flutter engine in io.flutter.plugin.text.ProcessTextPlugin.
38    -->
39    <queries>
39-->src\main\AndroidManifest.xml:49:5-54:15
40        <intent>
40-->src\main\AndroidManifest.xml:50:9-53:18
41            <action android:name="android.intent.action.PROCESS_TEXT" />
41-->src\main\AndroidManifest.xml:51:13-72
41-->src\main\AndroidManifest.xml:51:21-70
42
43            <data android:mimeType="text/plain" />
43-->src\main\AndroidManifest.xml:52:13-50
43-->src\main\AndroidManifest.xml:52:19-48
44        </intent>
45    </queries>
46
47    <permission
47-->[androidx.core:core:1.13.1] AndroidManifest.xml:22:5-24:47
48        android:name="com.example.bluetooth_scanner.DYNAMIC_RECEIVER_NOT_EXPORTED_PERMISSION"
48-->[androidx.core:core:1.13.1] AndroidManifest.xml:23:9-81
49        android:protectionLevel="signature" />
49-->[androidx.core:core:1.13.1] AndroidManifest.xml:24:9-44
50
51    <uses-permission android:name="com.example.bluetooth_scanner.DYNAMIC_RECEIVER_NOT_EXPORTED_PERMISSION" />
51-->[androidx.core:core:1.13.1] AndroidManifest.xml:26:5-97
51-->[androidx.core:core:1.13.1] AndroidManifest.xml:26:22-94
52
53    <application
54        android:name="android.app.Application"
55        android:appComponentFactory="androidx.core.app.CoreComponentFactory"
55-->[androidx.core:core:1.13.1] AndroidManifest.xml:28:18-86
56        android:debuggable="true"
57        android:extractNativeLibs="true"
58        android:icon="@mipmap/ic_launcher"
59        android:label="bluetooth_scanner" >
60        <activity
61            android:name="com.example.bluetooth_scanner.MainActivity"
62            android:configChanges="orientation|keyboardHidden|keyboard|screenSize|smallestScreenSize|locale|layoutDirection|fontScale|screenLayout|density|uiMode"
63            android:exported="true"
64            android:hardwareAccelerated="true"
65            android:launchMode="singleTop"
66            android:taskAffinity=""
67            android:theme="@style/LaunchTheme"
68            android:windowSoftInputMode="adjustResize" >
69
70            <!--
71                 Specifies an Android theme to apply to this Activity as soon as
72                 the Android process has started. This theme is visible to the user
73                 while the Flutter UI initializes. After that, this theme continues
74                 to determine the Window background behind the Flutter UI.
75            -->
76            <meta-data
77                android:name="io.flutter.embedding.android.NormalTheme"
78                android:resource="@style/NormalTheme" />
79
80            <intent-filter>
81                <action android:name="android.intent.action.MAIN" />
82
83                <category android:name="android.intent.category.LAUNCHER" />
84            </intent-filter>
85        </activity>
86        <!--
87             Don't delete the meta-data below.
88             This is used by the Flutter tool to generate GeneratedPluginRegistrant.java
89        -->
90        <meta-data
91            android:name="flutterEmbedding"
92            android:value="2" />
93
94        <uses-library
94-->[androidx.window:window:1.2.0] AndroidManifest.xml:23:9-25:40
95            android:name="androidx.window.extensions"
95-->[androidx.window:window:1.2.0] AndroidManifest.xml:24:13-54
96            android:required="false" />
96-->[androidx.window:window:1.2.0] AndroidManifest.xml:25:13-37
97        <uses-library
97-->[androidx.window:window:1.2.0] AndroidManifest.xml:26:9-28:40
98            android:name="androidx.window.sidecar"
98-->[androidx.window:window:1.2.0] AndroidManifest.xml:27:13-51
99            android:required="false" />
99-->[androidx.window:window:1.2.0] AndroidManifest.xml:28:13-37
100
101        <provider
101-->[androidx.lifecycle:lifecycle-process:2.7.0] AndroidManifest.xml:24:9-32:20
102            android:name="androidx.startup.InitializationProvider"
102-->[androidx.lifecycle:lifecycle-process:2.7.0] AndroidManifest.xml:25:13-67
103            android:authorities="com.example.bluetooth_scanner.androidx-startup"
103-->[androidx.lifecycle:lifecycle-process:2.7.0] AndroidManifest.xml:26:13-68
104            android:exported="false" >
104-->[androidx.lifecycle:lifecycle-process:2.7.0] AndroidManifest.xml:27:13-37
105            <meta-data
105-->[androidx.lifecycle:lifecycle-process:2.7.0] AndroidManifest.xml:29:13-31:52
106                android:name="androidx.lifecycle.ProcessLifecycleInitializer"
106-->[androidx.lifecycle:lifecycle-process:2.7.0] AndroidManifest.xml:30:17-78
107                android:value="androidx.startup" />
107-->[androidx.lifecycle:lifecycle-process:2.7.0] AndroidManifest.xml:31:17-49
108            <meta-data
108-->[androidx.profileinstaller:profileinstaller:1.3.1] AndroidManifest.xml:29:13-31:52
109                android:name="androidx.profileinstaller.ProfileInstallerInitializer"
109-->[androidx.profileinstaller:profileinstaller:1.3.1] AndroidManifest.xml:30:17-85
110                android:value="androidx.startup" />
110-->[androidx.profileinstaller:profileinstaller:1.3.1] AndroidManifest.xml:31:17-49
111        </provider>
112
113        <receiver
113-->[androidx.profileinstaller:profileinstaller:1.3.1] AndroidManifest.xml:34:9-52:20
114            android:name="androidx.profileinstaller.ProfileInstallReceiver"
114-->[androidx.profileinstaller:profileinstaller:1.3.1] AndroidManifest.xml:35:13-76
115            android:directBootAware="false"
115-->[androidx.profileinstaller:profileinstaller:1.3.1] AndroidManifest.xml:36:13-44
116            android:enabled="true"
116-->[androidx.profileinstaller:profileinstaller:1.3.1] AndroidManifest.xml:37:13-35
117            android:exported="true"
117-->[androidx.profileinstaller:profileinstaller:1.3.1] AndroidManifest.xml:38:13-36
118            android:permission="android.permission.DUMP" >
118-->[androidx.profileinstaller:profileinstaller:1.3.1] AndroidManifest.xml:39:13-57
119            <intent-filter>
119-->[androidx.profileinstaller:profileinstaller:1.3.1] AndroidManifest.xml:40:13-42:29
120                <action android:name="androidx.profileinstaller.action.INSTALL_PROFILE" />
120-->[androidx.profileinstaller:profileinstaller:1.3.1] AndroidManifest.xml:41:17-91
120-->[androidx.profileinstaller:profileinstaller:1.3.1] AndroidManifest.xml:41:25-88
121            </intent-filter>
122            <intent-filter>
122-->[androidx.profileinstaller:profileinstaller:1.3.1] AndroidManifest.xml:43:13-45:29
123                <action android:name="androidx.profileinstaller.action.SKIP_FILE" />
123-->[androidx.profileinstaller:profileinstaller:1.3.1] AndroidManifest.xml:44:17-85
123-->[androidx.profileinstaller:profileinstaller:1.3.1] AndroidManifest.xml:44:25-82
124            </intent-filter>
125            <intent-filter>
125-->[androidx.profileinstaller:profileinstaller:1.3.1] AndroidManifest.xml:46:13-48:29
126                <action android:name="androidx.profileinstaller.action.SAVE_PROFILE" />
126-->[androidx.profileinstaller:profileinstaller:1.3.1] AndroidManifest.xml:47:17-88
126-->[androidx.profileinstaller:profileinstaller:1.3.1] AndroidManifest.xml:47:25-85
127            </intent-filter>
128            <intent-filter>
128-->[androidx.profileinstaller:profileinstaller:1.3.1] AndroidManifest.xml:49:13-51:29
129                <action android:name="androidx.profileinstaller.action.BENCHMARK_OPERATION" />
129-->[androidx.profileinstaller:profileinstaller:1.3.1] AndroidManifest.xml:50:17-95
129-->[androidx.profileinstaller:profileinstaller:1.3.1] AndroidManifest.xml:50:25-92
130            </intent-filter>
131        </receiver>
132    </application>
133
134</manifest>